<?xml version="1.0" encoding="UTF-8"?>
<!-- Generated by org.testng.reporters.JUnitXMLReporter -->
<testsuite hostname="USBLRGAURKAPOO1" ignored="0" name="Test" tests="1" failures="0" timestamp="17 Dec 2018 19:01:05 GMT" time="1.975" errors="0">
  <testcase name="@BeforeMethod ready" time="1.351" classname="demo.TC_AITR_Login">
    <failure type="org.openqa.selenium.SessionNotCreatedException" message="Unexpected error launching Internet Explorer. Protected Mode settings are not the same for all zones. Enable Protected Mode must be set to the same value (enabled or disabled) for all zones.
Build info: version: &amp;apos;3.4.0&amp;apos;, revision: &amp;apos;unknown&amp;apos;, time: &amp;apos;unknown&amp;apos;
System info: host: &amp;apos;USBLRGAURKAPOO1&amp;apos;, ip: &amp;apos;192.168.56.1&amp;apos;, os.name: &amp;apos;Windows 10&amp;apos;, os.arch: &amp;apos;x86&amp;apos;, os.version: &amp;apos;10.0&amp;apos;, java.version: &amp;apos;1.8.0_171&amp;apos;
Driver info: driver.version: InternetExplorerDriver
remote stacktrace: ">
      <![CDATA[org.openqa.selenium.SessionNotCreatedException: Unexpected error launching Internet Explorer. Protected Mode settings are not the same for all zones. Enable Protected Mode must be set to the same value (enabled or disabled) for all zones.
Build info: version: '3.4.0', revision: 'unknown', time: 'unknown'
System info: host: 'USBLRGAURKAPOO1', ip: '192.168.56.1', os.name: 'Windows 10', os.arch: 'x86', os.version: '10.0', java.version: '1.8.0_171'
Driver info: driver.version: InternetExplorerDriver
remote stacktrace: 
at org.openqa.selenium.remote.W3CHandshakeResponse.lambda$new$0(W3CHandshakeResponse.java:57)
at org.openqa.selenium.remote.W3CHandshakeResponse.lambda$getResponseFunction$2(W3CHandshakeResponse.java:104)
at org.openqa.selenium.remote.ProtocolHandshake.lambda$createSession$22(ProtocolHandshake.java:365)
at java.util.stream.ReferencePipeline$3$1.accept(ReferencePipeline.java:193)
at java.util.Spliterators$ArraySpliterator.tryAdvance(Spliterators.java:958)
at java.util.stream.ReferencePipeline.forEachWithCancel(ReferencePipeline.java:126)
at java.util.stream.AbstractPipeline.copyIntoWithCancel(AbstractPipeline.java:498)
at java.util.stream.AbstractPipeline.copyInto(AbstractPipeline.java:485)
at java.util.stream.AbstractPipeline.wrapAndCopyInto(AbstractPipeline.java:471)
at java.util.stream.FindOps$FindOp.evaluateSequential(FindOps.java:152)
at java.util.stream.AbstractPipeline.evaluate(AbstractPipeline.java:234)
at java.util.stream.ReferencePipeline.findFirst(ReferencePipeline.java:464)
at org.openqa.selenium.remote.ProtocolHandshake.createSession(ProtocolHandshake.java:368)
at org.openqa.selenium.remote.ProtocolHandshake.createSession(ProtocolHandshake.java:159)
at org.openqa.selenium.remote.HttpCommandExecutor.execute(HttpCommandExecutor.java:142)
at org.openqa.selenium.remote.service.DriverCommandExecutor.execute(DriverCommandExecutor.java:82)
at org.openqa.selenium.remote.RemoteWebDriver.execute(RemoteWebDriver.java:637)
at org.openqa.selenium.remote.RemoteWebDriver.startSession(RemoteWebDriver.java:250)
at org.openqa.selenium.remote.RemoteWebDriver.startSession(RemoteWebDriver.java:236)
at org.openqa.selenium.ie.InternetExplorerDriver.run(InternetExplorerDriver.java:220)
at org.openqa.selenium.ie.InternetExplorerDriver.<init>(InternetExplorerDriver.java:212)
at org.openqa.selenium.ie.InternetExplorerDriver.<init>(InternetExplorerDriver.java:154)
at com.demo.init.initialization.launchBrowser(initialization.java:180)
at com.demo.init.initialization.start(initialization.java:309)
at demo.TC_AITR_Login.ready(TC_AITR_Login.java:36)
... Removed 32 stack frames]]>
    </failure>
  </testcase> <!-- @BeforeMethod ready -->
  <testcase name="@AfterMethod tearDown" time="0.0" classname="demo.TC_AITR_Login">
    <skipped/>
  </testcase> <!-- @AfterMethod tearDown -->
  <testcase name="@AfterClass writeRersults" time="0.0" classname="demo.TC_AITR_Login">
    <skipped/>
  </testcase> <!-- @AfterClass writeRersults -->
  <testcase name="loginTest" time="0.0" classname="demo.TC_AITR_Login">
    <skipped/>
  </testcase> <!-- loginTest -->
</testsuite> <!-- Test -->
